# JRE version: Java(TM) SE Runtime Environment (8.0_201-b09) (build 1.8.0_201-b09)
# Java VM: Java HotSpot(TM) 64-Bit Server VM (25.201-b09 mixed mode windows-amd64 compressed oops)
Heap:
 PSYoungGen      total 180736K, used 57072K [0x0000000780400000, 0x0000000791880000, 0x00000007c0000000)
  eden space 108032K, 15% used [0x0000000780400000,0x00000007814df3a0,0x0000000786d80000)
  from space 72704K, 54% used [0x0000000786d80000,0x000000078945ccb8,0x000000078b480000)
  to   space 73728K, 0% used [0x000000078d080000,0x000000078d080000,0x0000000791880000)
 ParOldGen       total 267776K, used 98484K [0x0000000700c00000, 0x0000000711180000, 0x0000000780400000)
  object space 267776K, 36% used [0x0000000700c00000,0x0000000706c2d220,0x0000000711180000)
 Metaspace       used 9371K, capacity 9624K, committed 9984K, reserved 1058816K
  class space    used 1330K, capacity 1410K, committed 1536K, reserved 1048576K
GC Heap History (10 events):
Event: 1.478 GC heap before
{Heap before GC invocations=5 (full 1):
 PSYoungGen      total 57344K, used 45834K [0x0000000780400000, 0x0000000787400000, 0x00000007c0000000)
  eden space 49152K, 93% used [0x0000000780400000,0x00000007830c2a38,0x0000000783400000)
  from space 8192K, 0% used [0x0000000783400000,0x0000000783400000,0x0000000783c00000)
  to   space 8192K, 0% used [0x0000000786c00000,0x0000000786c00000,0x0000000787400000)
 ParOldGen       total 113664K, used 25994K [0x0000000700c00000, 0x0000000707b00000, 0x0000000780400000)
  object space 113664K, 22% used [0x0000000700c00000,0x0000000702562ba0,0x0000000707b00000)
 Metaspace       used 6536K, capacity 6874K, committed 7040K, reserved 1056768K
  class space    used 726K, capacity 785K, committed 896K, reserved 1048576K
Event: 1.487 GC heap after
Heap after GC invocations=5 (full 1):
 PSYoungGen      total 95744K, used 8160K [0x0000000780400000, 0x0000000787400000, 0x00000007c0000000)
  eden space 87552K, 0% used [0x0000000780400000,0x0000000780400000,0x0000000785980000)
  from space 8192K, 99% used [0x0000000786c00000,0x00000007873f8378,0x0000000787400000)
  to   space 8192K, 0% used [0x0000000786400000,0x0000000786400000,0x0000000786c00000)
 ParOldGen       total 113664K, used 32379K [0x0000000700c00000, 0x0000000707b00000, 0x0000000780400000)
  object space 113664K, 28% used [0x0000000700c00000,0x0000000702b9ecb0,0x0000000707b00000)
 Metaspace       used 6536K, capacity 6874K, committed 7040K, reserved 1056768K
  class space    used 726K, capacity 785K, committed 896K, reserved 1048576K
}
Event: 1.613 GC heap before
{Heap before GC invocations=6 (full 1):
 PSYoungGen      total 95744K, used 86215K [0x0000000780400000, 0x0000000787400000, 0x00000007c0000000)
  eden space 87552K, 89% used [0x0000000780400000,0x0000000785039a28,0x0000000785980000)
  from space 8192K, 99% used [0x0000000786c00000,0x00000007873f8378,0x0000000787400000)
  to   space 8192K, 0% used [0x0000000786400000,0x0000000786400000,0x0000000786c00000)
 ParOldGen       total 113664K, used 32379K [0x0000000700c00000, 0x0000000707b00000, 0x0000000780400000)
  object space 113664K, 28% used [0x0000000700c00000,0x0000000702b9ecb0,0x0000000707b00000)
 Metaspace       used 6536K, capacity 6874K, committed 7040K, reserved 1056768K
  class space    used 726K, capacity 785K, committed 896K, reserved 1048576K
Event: 1.621 GC heap after
Heap after GC invocations=6 (full 1):
 PSYoungGen      total 106496K, used 3616K [0x0000000780400000, 0x000000078cf00000, 0x00000007c0000000)
  eden space 98304K, 0% used [0x0000000780400000,0x0000000780400000,0x0000000786400000)
  from space 8192K, 44% used [0x0000000786400000,0x0000000786788368,0x0000000786c00000)
  to   space 27136K, 0% used [0x000000078b480000,0x000000078b480000,0x000000078cf00000)
 ParOldGen       total 113664K, used 69243K [0x0000000700c00000, 0x0000000707b00000, 0x0000000780400000)
  object space 113664K, 60% used [0x0000000700c00000,0x0000000704f9ecd0,0x0000000707b00000)
 Metaspace       used 6536K, capacity 6874K, committed 7040K, reserved 1056768K
  class space    used 726K, capacity 785K, committed 896K, reserved 1048576K
}
Event: 2.060 GC heap before
{Heap before GC invocations=7 (full 1):
 PSYoungGen      total 106496K, used 101284K [0x0000000780400000, 0x000000078cf00000, 0x00000007c0000000)
  eden space 98304K, 99% used [0x0000000780400000,0x0000000786360dc0,0x0000000786400000)
  from space 8192K, 44% used [0x0000000786400000,0x0000000786788368,0x0000000786c00000)
  to   space 27136K, 0% used [0x000000078b480000,0x000000078b480000,0x000000078cf00000)
 ParOldGen       total 113664K, used 69243K [0x0000000700c00000, 0x0000000707b00000, 0x0000000780400000)
  object space 113664K, 60% used [0x0000000700c00000,0x0000000704f9ecd0,0x0000000707b00000)
 Metaspace       used 8886K, capacity 9208K, committed 9472K, reserved 1056768K
  class space    used 1111K, capacity 1212K, committed 1280K, reserved 1048576K
Event: 2.164 GC heap after
Heap after GC invocations=7 (full 1):
 PSYoungGen      total 135168K, used 27115K [0x0000000780400000, 0x0000000793d80000, 0x00000007c0000000)
  eden space 108032K, 0% used [0x0000000780400000,0x0000000780400000,0x0000000786d80000)
  from space 27136K, 99% used [0x000000078b480000,0x000000078cefad70,0x000000078cf00000)
  to   space 72704K, 0% used [0x0000000786d80000,0x0000000786d80000,0x000000078b480000)
 ParOldGen       total 138240K, used 137850K [0x0000000700c00000, 0x0000000709300000, 0x0000000780400000)
  object space 138240K, 99% used [0x0000000700c00000,0x000000070929ea80,0x0000000709300000)
 Metaspace       used 8886K, capacity 9208K, committed 9472K, reserved 1056768K
  class space    used 1111K, capacity 1212K, committed 1280K, reserved 1048576K
}
Event: 2.164 GC heap before
{Heap before GC invocations=8 (full 2):
 PSYoungGen      total 135168K, used 27115K [0x0000000780400000, 0x0000000793d80000, 0x00000007c0000000)
  eden space 108032K, 0% used [0x0000000780400000,0x0000000780400000,0x0000000786d80000)
  from space 27136K, 99% used [0x000000078b480000,0x000000078cefad70,0x000000078cf00000)
  to   space 72704K, 0% used [0x0000000786d80000,0x0000000786d80000,0x000000078b480000)
 ParOldGen       total 138240K, used 137850K [0x0000000700c00000, 0x0000000709300000, 0x0000000780400000)
  object space 138240K, 99% used [0x0000000700c00000,0x000000070929ea80,0x0000000709300000)
 Metaspace       used 8886K, capacity 9208K, committed 9472K, reserved 1056768K
  class space    used 1111K, capacity 1212K, committed 1280K, reserved 1048576K
Event: 3.202 GC heap after
Heap after GC invocations=8 (full 2):
 PSYoungGen      total 135168K, used 0K [0x0000000780400000, 0x0000000793d80000, 0x00000007c0000000)
  eden space 108032K, 0% used [0x0000000780400000,0x0000000780400000,0x0000000786d80000)
  from space 27136K, 0% used [0x000000078b480000,0x000000078b480000,0x000000078cf00000)
  to   space 72704K, 0% used [0x0000000786d80000,0x0000000786d80000,0x000000078b480000)
 ParOldGen       total 267776K, used 98476K [0x0000000700c00000, 0x0000000711180000, 0x0000000780400000)
  object space 267776K, 36% used [0x0000000700c00000,0x0000000706c2b220,0x0000000711180000)
 Metaspace       used 8886K, capacity 9208K, committed 9472K, reserved 1056768K
  class space    used 1111K, capacity 1212K, committed 1280K, reserved 1048576K
}
Event: 3.676 GC heap before
{Heap before GC invocations=9 (full 2):
 PSYoungGen      total 135168K, used 108032K [0x0000000780400000, 0x0000000793d80000, 0x00000007c0000000)
  eden space 108032K, 100% used [0x0000000780400000,0x0000000786d80000,0x0000000786d80000)
  from space 27136K, 0% used [0x000000078b480000,0x000000078b480000,0x000000078cf00000)
  to   space 72704K, 0% used [0x0000000786d80000,0x0000000786d80000,0x000000078b480000)
 ParOldGen       total 267776K, used 98476K [0x0000000700c00000, 0x0000000711180000, 0x0000000780400000)
  object space 267776K, 36% used [0x0000000700c00000,0x0000000706c2b220,0x0000000711180000)
 Metaspace       used 9256K, capacity 9528K, committed 9600K, reserved 1056768K
  class space    used 1281K, capacity 1378K, committed 1408K, reserved 1048576K
Event: 3.710 GC heap after
Heap after GC invocations=9 (full 2):
 PSYoungGen      total 180736K, used 39795K [0x0000000780400000, 0x0000000791880000, 0x00000007c0000000)
  eden space 108032K, 0% used [0x0000000780400000,0x0000000780400000,0x0000000786d80000)
  from space 72704K, 54% used [0x0000000786d80000,0x000000078945ccb8,0x000000078b480000)
  to   space 73728K, 0% used [0x000000078d080000,0x000000078d080000,0x0000000791880000)
 ParOldGen       total 267776K, used 98484K [0x0000000700c00000, 0x0000000711180000, 0x0000000780400000)
  object space 267776K, 36% used [0x0000000700c00000,0x0000000706c2d220,0x0000000711180000)
 Metaspace       used 9256K, capacity 9528K, committed 9600K, reserved 1056768K
  class space    used 1281K, capacity 1378K, committed 1408K, reserved 1048576K
}

